logDefer/2022/04/16 10:11:46 Hello there!
logDefer/2022/04/16 10:11:46 Another log entry!
logDefer/2022/04/16 10:11:46 --Function One------
logDefer/2022/04/16 10:11:46 0
logDefer/2022/04/16 10:11:46 1
logDefer/2022/04/16 10:11:46 2
logDefer/2022/04/16 10:11:46 3
logDefer/2022/04/16 10:11:46 4
logDefer/2022/04/16 10:11:46 5
logDefer/2022/04/16 10:11:46 6
logDefer/2022/04/16 10:11:46 7
logDefer/2022/04/16 10:11:46 8
logDefer/2022/04/16 10:11:46 9
logDefer/2022/04/16 10:11:46 --Function one------
logDefer/2022/04/16 10:11:46 ----Function two
logDefer/2022/04/16 10:11:46 10
logDefer/2022/04/16 10:11:46 9
logDefer/2022/04/16 10:11:46 8
logDefer/2022/04/16 10:11:46 7
logDefer/2022/04/16 10:11:46 6
logDefer/2022/04/16 10:11:46 5
logDefer/2022/04/16 10:11:46 4
logDefer/2022/04/16 10:11:46 3
logDefer/2022/04/16 10:11:46 2
logDefer/2022/04/16 10:11:46 1
logDefer/2022/04/16 10:11:46 Function two ------
